<?xml version="1.0" encoding="utf-8"?><testsuites name="pytest tests"><testsuite name="pytest" errors="0" failures="0" skipped="0" tests="37" time="23.467" timestamp="2026-02-14T19:36:47.457888+00:00" hostname="agent-env-a077784b-503e-40c5-b5c8-e6de4ab7e6b0"><testcase classname="tests.test_admin_analytics_api.TestAdminAnalyticsAPI" name="test_analytics_summary_returns_200" time="0.733" /><testcase classname="tests.test_admin_analytics_api.TestAdminAnalyticsAPI" name="test_analytics_summary_user_fields" time="1.401" /><testcase classname="tests.test_admin_analytics_api.TestAdminAnalyticsAPI" name="test_analytics_summary_project_fields" time="0.633" /><testcase classname="tests.test_admin_analytics_api.TestAdminAnalyticsAPI" name="test_analytics_summary_pipeline_fields" time="0.556" /><testcase classname="tests.test_admin_analytics_api.TestAdminAnalyticsAPI" name="test_user_metrics_returns_200" time="0.537" /><testcase classname="tests.test_admin_analytics_api.TestAdminAnalyticsAPI" name="test_user_metrics_contains_dau_wau_mau" time="0.531" /><testcase classname="tests.test_admin_analytics_api.TestAdminAnalyticsAPI" name="test_user_metrics_contains_stickiness_growth_churn" time="0.801" /><testcase classname="tests.test_admin_analytics_api.TestAdminAnalyticsAPI" name="test_user_metrics_verification_rate" time="0.542" /><testcase classname="tests.test_admin_analytics_api.TestAdminAnalyticsAPI" name="test_user_growth_returns_200" time="0.555" /><testcase classname="tests.test_admin_analytics_api.TestAdminAnalyticsAPI" name="test_user_growth_data_format" time="0.541" /><testcase classname="tests.test_admin_analytics_api.TestAdminAnalyticsAPI" name="test_system_health_returns_200" time="0.519" /><testcase classname="tests.test_admin_analytics_api.TestAdminAnalyticsAPI" name="test_system_health_contains_db_metrics" time="0.525" /><testcase classname="tests.test_admin_analytics_api.TestAdminAnalyticsAPI" name="test_system_health_contains_error_metrics" time="0.615" /><testcase classname="tests.test_admin_analytics_api.TestAdminAnalyticsAPI" name="test_funnel_analytics_returns_200" time="0.830" /><testcase classname="tests.test_admin_analytics_api.TestAdminAnalyticsAPI" name="test_funnel_analytics_stages" time="0.570" /><testcase classname="tests.test_admin_analytics_api.TestAdminAnalyticsAPI" name="test_funnel_item_format" time="0.541" /><testcase classname="tests.test_admin_analytics_api.TestAdminAnalyticsAPI" name="test_project_analytics_returns_200" time="0.932" /><testcase classname="tests.test_admin_analytics_api.TestAdminAnalyticsAPI" name="test_project_analytics_contains_totals" time="0.584" /><testcase classname="tests.test_admin_analytics_api.TestAdminAnalyticsAPI" name="test_project_analytics_contains_breakdowns" time="0.643" /><testcase classname="tests.test_admin_analytics_api.TestAdminAnalyticsAPI" name="test_pipeline_analytics_returns_200" time="0.552" /><testcase classname="tests.test_admin_analytics_api.TestAdminAnalyticsAPI" name="test_pipeline_analytics_contains_totals" time="0.509" /><testcase classname="tests.test_admin_analytics_api.TestAdminAnalyticsAPI" name="test_pipeline_analytics_run_status" time="0.582" /><testcase classname="tests.test_admin_analytics_api.TestAdminAnalyticsAPI" name="test_pipeline_analytics_top_pipelines" time="0.567" /><testcase classname="tests.test_admin_analytics_api.TestAdminAnalyticsAPI" name="test_activity_analytics_returns_200" time="0.583" /><testcase classname="tests.test_admin_analytics_api.TestAdminAnalyticsAPI" name="test_activity_analytics_structure" time="0.533" /><testcase classname="tests.test_admin_analytics_api.TestAdminAnalyticsAPI" name="test_retention_analytics_returns_200" time="0.669" /><testcase classname="tests.test_admin_analytics_api.TestAdminAnalyticsAPI" name="test_retention_analytics_contains_retention_rates" time="0.577" /><testcase classname="tests.test_admin_analytics_api.TestAdminAnalyticsAPI" name="test_activity_feed_returns_200" time="0.521" /><testcase classname="tests.test_admin_analytics_api.TestAdminAnalyticsAPI" name="test_activity_feed_structure" time="0.548" /><testcase classname="tests.test_admin_analytics_api.TestAdminAnalyticsAPI" name="test_users_list_returns_200" time="0.548" /><testcase classname="tests.test_admin_analytics_api.TestAdminAnalyticsAPI" name="test_users_list_structure" time="0.524" /><testcase classname="tests.test_admin_analytics_api.TestAdminAnalyticsAPI" name="test_projects_list_returns_200" time="0.611" /><testcase classname="tests.test_admin_analytics_api.TestAdminAnalyticsAPI" name="test_projects_list_structure" time="0.843" /><testcase classname="tests.test_admin_analytics_api.TestAdminAnalyticsAPI" name="test_analytics_requires_auth" time="0.559" /><testcase classname="tests.test_admin_analytics_api.TestAdminAnalyticsAPI" name="test_analytics_requires_admin" time="0.988" /><testcase classname="tests.test_admin_analytics_api.TestSubscriptionAnalytics" name="test_subscription_analytics_returns_200" time="0.527" /><testcase classname="tests.test_admin_analytics_api.TestSubscriptionAnalytics" name="test_subscription_analytics_structure" time="0.522" /></testsuite></testsuites>