<?xml version="1.0" encoding="utf-8"?><testsuites name="pytest tests"><testsuite name="pytest" errors="0" failures="0" skipped="0" tests="24" time="4.566" timestamp="2026-02-14T17:06:03.037373+00:00" hostname="agent-env-140721e9-6445-47d0-95b6-92c0a63d7972"><testcase classname="tests.test_analysis_api.TestStatisticsAPI" name="test_statistics_returns_200" time="0.716" /><testcase classname="tests.test_analysis_api.TestStatisticsAPI" name="test_statistics_has_numeric_data" time="0.139" /><testcase classname="tests.test_analysis_api.TestStatisticsAPI" name="test_statistics_summary_metrics" time="0.124" /><testcase classname="tests.test_analysis_api.TestStatisticsAPI" name="test_statistics_requires_auth" time="0.108" /><testcase classname="tests.test_analysis_api.TestCorrelationAPI" name="test_correlation_returns_200" time="0.113" /><testcase classname="tests.test_analysis_api.TestCorrelationAPI" name="test_correlation_matrix_structure" time="0.125" /><testcase classname="tests.test_analysis_api.TestCorrelationAPI" name="test_correlation_top_correlations" time="0.112" /><testcase classname="tests.test_analysis_api.TestCorrelationAPI" name="test_correlation_with_method_param" time="0.397" /><testcase classname="tests.test_analysis_api.TestDistributionAPI" name="test_distribution_returns_200" time="0.111" /><testcase classname="tests.test_analysis_api.TestDistributionAPI" name="test_distribution_for_specific_column" time="0.113" /><testcase classname="tests.test_analysis_api.TestDistributionAPI" name="test_distribution_histogram_structure" time="0.120" /><testcase classname="tests.test_analysis_api.TestDistributionAPI" name="test_distribution_box_plot_data" time="0.377" /><testcase classname="tests.test_analysis_api.TestDistributionAPI" name="test_distribution_normality_tests" time="0.124" /><testcase classname="tests.test_analysis_api.TestChartDataAPI" name="test_scatter_chart" time="0.125" /><testcase classname="tests.test_analysis_api.TestChartDataAPI" name="test_line_chart" time="0.123" /><testcase classname="tests.test_analysis_api.TestChartDataAPI" name="test_bar_chart" time="0.114" /><testcase classname="tests.test_analysis_api.TestChartDataAPI" name="test_pie_chart" time="0.242" /><testcase classname="tests.test_analysis_api.TestChartDataAPI" name="test_histogram_chart" time="0.129" /><testcase classname="tests.test_analysis_api.TestChartDataAPI" name="test_box_chart" time="0.145" /><testcase classname="tests.test_analysis_api.TestChartDataAPI" name="test_heatmap_chart" time="0.362" /><testcase classname="tests.test_analysis_api.TestColumnsAPI" name="test_columns_returns_200" time="0.117" /><testcase classname="tests.test_analysis_api.TestColumnsAPI" name="test_columns_structure" time="0.140" /><testcase classname="tests.test_analysis_api.TestDataPreviewAPI" name="test_data_preview_returns_200" time="0.143" /><testcase classname="tests.test_analysis_api.TestDataPreviewAPI" name="test_data_preview_structure" time="0.126" /></testsuite></testsuites>