<?xml version="1.0" encoding="utf-8"?><testsuites name="pytest tests"><testsuite name="pytest" errors="0" failures="0" skipped="0" tests="20" time="6.262" timestamp="2026-02-14T22:40:32.975402+00:00" hostname="agent-env-f8123cf9-4c2e-4fcb-bdff-5a6edd7464a2"><testcase classname="backend.tests.test_enhanced_exports_compare.TestEnhancedExportStatistics" name="test_export_statistics_csv" time="0.664" /><testcase classname="backend.tests.test_enhanced_exports_compare.TestEnhancedExportStatistics" name="test_export_statistics_excel" time="0.138" /><testcase classname="backend.tests.test_enhanced_exports_compare.TestEnhancedExportCorrelation" name="test_export_correlation_csv_pearson" time="0.540" /><testcase classname="backend.tests.test_enhanced_exports_compare.TestEnhancedExportCorrelation" name="test_export_correlation_csv_spearman" time="0.113" /><testcase classname="backend.tests.test_enhanced_exports_compare.TestEnhancedExportCorrelation" name="test_export_correlation_csv_kendall" time="0.117" /><testcase classname="backend.tests.test_enhanced_exports_compare.TestEnhancedExportCorrelation" name="test_export_correlation_excel" time="0.143" /><testcase classname="backend.tests.test_enhanced_exports_compare.TestEnhancedExportDistribution" name="test_export_distribution_csv" time="0.502" /><testcase classname="backend.tests.test_enhanced_exports_compare.TestEnhancedExportDistribution" name="test_export_distribution_excel" time="0.124" /><testcase classname="backend.tests.test_enhanced_exports_compare.TestEnhancedExportVisualization" name="test_export_visualization_correlation_png" time="0.663" /><testcase classname="backend.tests.test_enhanced_exports_compare.TestEnhancedExportVisualization" name="test_export_visualization_correlation_svg" time="0.216" /><testcase classname="backend.tests.test_enhanced_exports_compare.TestEnhancedExportVisualization" name="test_export_visualization_distribution_png" time="0.321" /><testcase classname="backend.tests.test_enhanced_exports_compare.TestEnhancedExportVisualization" name="test_export_visualization_summary_png" time="0.564" /><testcase classname="backend.tests.test_enhanced_exports_compare.TestEnhancedExportVisualization" name="test_export_visualization_invalid_chart_type" time="0.125" /><testcase classname="backend.tests.test_enhanced_exports_compare.TestCompareProjectsAPI" name="test_get_comparable_projects" time="0.558" /><testcase classname="backend.tests.test_enhanced_exports_compare.TestCompareProjectsAPI" name="test_compare_projects_requires_two" time="0.121" /><testcase classname="backend.tests.test_enhanced_exports_compare.TestCompareProjectsAPI" name="test_compare_projects_max_four" time="0.148" /><testcase classname="backend.tests.test_enhanced_exports_compare.TestCompareProjectsAPI" name="test_compare_projects_success" time="0.352" /><testcase classname="backend.tests.test_enhanced_exports_compare.TestExportErrorHandling" name="test_export_invalid_project" time="0.519" /><testcase classname="backend.tests.test_enhanced_exports_compare.TestExportErrorHandling" name="test_export_invalid_format" time="0.105" /><testcase classname="backend.tests.test_enhanced_exports_compare.TestExportErrorHandling" name="test_export_unauthenticated" time="0.119" /></testsuite></testsuites>