<?xml version="1.0" encoding="utf-8"?><testsuites name="pytest tests"><testsuite name="pytest" errors="0" failures="0" skipped="0" tests="9" time="4.055" timestamp="2026-02-14T18:18:05.169430+00:00" hostname="agent-env-c349510c-80ea-4f2b-8fa7-c9c7d35d69f8"><testcase classname="tests.test_integrations_api.TestGoogleSheetsStatus" name="test_status_requires_authentication" time="0.277" /><testcase classname="tests.test_integrations_api.TestGoogleSheetsStatus" name="test_status_returns_configured_false_when_no_credentials" time="0.539" /><testcase classname="tests.test_integrations_api.TestMySQLConnection" name="test_mysql_requires_authentication" time="0.137" /><testcase classname="tests.test_integrations_api.TestMySQLConnection" name="test_mysql_connection_with_invalid_host" time="0.543" /><testcase classname="tests.test_integrations_api.TestMySQLConnection" name="test_mysql_connection_accepts_all_params" time="0.642" /><testcase classname="tests.test_integrations_api.TestPostgreSQLConnection" name="test_postgresql_requires_authentication" time="0.108" /><testcase classname="tests.test_integrations_api.TestPostgreSQLConnection" name="test_postgresql_connection_with_invalid_host" time="0.560" /><testcase classname="tests.test_integrations_api.TestPostgreSQLConnection" name="test_postgresql_connection_accepts_all_params" time="0.664" /><testcase classname="tests.test_integrations_api.TestGoogleSheetsAuth" name="test_auth_url_returns_error_when_not_configured" time="0.517" /></testsuite></testsuites>