<?xml version="1.0" encoding="utf-8"?><testsuites name="pytest tests"><testsuite name="pytest" errors="0" failures="0" skipped="0" tests="18" time="3.180" timestamp="2026-02-14T21:20:01.681823+00:00" hostname="agent-env-02e9f4de-71f1-43cf-a897-3210d8479998"><testcase classname="backend.tests.test_magic_analysis.TestMagicAnalysis" name="test_magic_analysis_returns_200_for_authenticated_user" time="0.693" /><testcase classname="backend.tests.test_magic_analysis.TestMagicAnalysis" name="test_magic_analysis_returns_executive_summary" time="0.158" /><testcase classname="backend.tests.test_magic_analysis.TestMagicAnalysis" name="test_magic_analysis_returns_data_profile" time="0.135" /><testcase classname="backend.tests.test_magic_analysis.TestMagicAnalysis" name="test_magic_analysis_returns_data_quality" time="0.134" /><testcase classname="backend.tests.test_magic_analysis.TestMagicAnalysis" name="test_magic_analysis_returns_cleaning_suggestions" time="0.132" /><testcase classname="backend.tests.test_magic_analysis.TestMagicAnalysis" name="test_magic_analysis_returns_key_insights" time="0.173" /><testcase classname="backend.tests.test_magic_analysis.TestMagicAnalysis" name="test_magic_analysis_returns_visualization_suggestions" time="0.146" /><testcase classname="backend.tests.test_magic_analysis.TestMagicAnalysis" name="test_magic_analysis_returns_next_steps" time="0.185" /><testcase classname="backend.tests.test_magic_analysis.TestMagicAnalysis" name="test_magic_analysis_returns_timestamp" time="0.139" /><testcase classname="backend.tests.test_magic_analysis.TestMagicAnalysis" name="test_magic_analysis_returns_401_for_unauthenticated" time="0.116" /><testcase classname="backend.tests.test_magic_analysis.TestMagicAnalysis" name="test_magic_analysis_returns_404_for_invalid_project" time="0.116" /><testcase classname="backend.tests.test_magic_analysis.TestMagicAnalysis" name="test_apply_cleaning_returns_400_without_actions" time="0.102" /><testcase classname="backend.tests.test_magic_analysis.TestMagicAnalysis" name="test_apply_cleaning_returns_401_for_unauthenticated" time="0.126" /><testcase classname="backend.tests.test_magic_analysis.TestMagicAnalysis" name="test_apply_cleaning_returns_404_for_invalid_project" time="0.142" /><testcase classname="backend.tests.test_magic_analysis.TestMagicAnalysisDataContent" name="test_quality_score_reflects_data_quality" time="0.594" /><testcase classname="backend.tests.test_magic_analysis.TestMagicAnalysisDataContent" name="test_insights_include_correlations_if_present" time="0.000" /><testcase classname="backend.tests.test_magic_analysis.TestMagicAnalysisDataContent" name="test_ml_readiness_insight_present_for_numeric_data" time="0.000" /><testcase classname="backend.tests.test_magic_analysis.TestMagicAnalysisDataContent" name="test_plain_english_summary_is_readable" time="0.000" /></testsuite></testsuites>