<?xml version="1.0" encoding="utf-8"?><testsuites name="pytest tests"><testsuite name="pytest" errors="0" failures="0" skipped="0" tests="27" time="23.867" timestamp="2026-02-14T18:36:13.725767+00:00" hostname="agent-env-c349510c-80ea-4f2b-8fa7-c9c7d35d69f8"><testcase classname="tests.test_pipelines_api.TestSchedulesAuthentication" name="test_list_schedules_requires_auth" time="0.246" /><testcase classname="tests.test_pipelines_api.TestSchedulesAuthentication" name="test_create_schedule_requires_auth" time="0.056" /><testcase classname="tests.test_pipelines_api.TestSchedulesAuthentication" name="test_stats_requires_auth" time="0.056" /><testcase classname="tests.test_pipelines_api.TestSchedulesAuthentication" name="test_runs_requires_auth" time="0.084" /><testcase classname="tests.test_pipelines_api.TestListSchedules" name="test_list_schedules_success" time="0.148" /><testcase classname="tests.test_pipelines_api.TestGetScheduleDetails" name="test_get_existing_schedule" time="0.064" /><testcase classname="tests.test_pipelines_api.TestGetScheduleDetails" name="test_get_nonexistent_schedule" time="0.057" /><testcase classname="tests.test_pipelines_api.TestCreateSchedule" name="test_create_schedule_success" time="0.099" /><testcase classname="tests.test_pipelines_api.TestCreateSchedule" name="test_create_schedule_missing_fields" time="0.059" /><testcase classname="tests.test_pipelines_api.TestCreateSchedule" name="test_create_schedule_invalid_project" time="0.059" /><testcase classname="tests.test_pipelines_api.TestCreateSchedule" name="test_create_with_invalid_schedule_type" time="0.079" /><testcase classname="tests.test_pipelines_api.TestToggleSchedule" name="test_toggle_existing_schedule" time="0.253" /><testcase classname="tests.test_pipelines_api.TestToggleSchedule" name="test_toggle_nonexistent_schedule" time="0.064" /><testcase classname="tests.test_pipelines_api.TestRunNow" name="test_run_existing_schedule" time="19.105" /><testcase classname="tests.test_pipelines_api.TestRunNow" name="test_run_nonexistent_schedule" time="0.060" /><testcase classname="tests.test_pipelines_api.TestGetStats" name="test_get_stats_success" time="0.068" /><testcase classname="tests.test_pipelines_api.TestGetRunHistory" name="test_get_run_history_success" time="0.129" /><testcase classname="tests.test_pipelines_api.TestDeleteSchedule" name="test_delete_schedule_flow" time="0.271" /><testcase classname="tests.test_pipelines_api.TestDeleteSchedule" name="test_delete_nonexistent_schedule" time="0.066" /><testcase classname="tests.test_pipelines_api.TestScheduleTypes" name="test_hourly_schedule" time="0.180" /><testcase classname="tests.test_pipelines_api.TestScheduleTypes" name="test_weekly_schedule" time="0.190" /><testcase classname="tests.test_pipelines_api.TestScheduleTypes" name="test_monthly_schedule" time="0.201" /><testcase classname="tests.test_pipelines_api.TestActionTypes" name="test_action_type[refresh_data]" time="0.240" /><testcase classname="tests.test_pipelines_api.TestActionTypes" name="test_action_type[run_analysis]" time="1.407" /><testcase classname="tests.test_pipelines_api.TestActionTypes" name="test_action_type[apply_cleaning]" time="0.195" /><testcase classname="tests.test_pipelines_api.TestActionTypes" name="test_action_type[export_data]" time="0.176" /><testcase classname="tests.test_pipelines_api.TestActionTypes" name="test_action_type[full_pipeline]" time="0.166" /></testsuite></testsuites>