<?xml version="1.0" encoding="utf-8"?><testsuites name="pytest tests"><testsuite name="pytest" errors="0" failures="0" skipped="0" tests="20" time="25.578" timestamp="2026-02-14T18:56:15.660203+00:00" hostname="agent-env-c349510c-80ea-4f2b-8fa7-c9c7d35d69f8"><testcase classname="tests.test_pipeline_notifications.TestNotificationPreferences" name="test_preferences_include_pipeline_complete_field" time="0.230" /><testcase classname="tests.test_pipeline_notifications.TestNotificationPreferences" name="test_preferences_include_pipeline_failed_field" time="0.179" /><testcase classname="tests.test_pipeline_notifications.TestNotificationPreferences" name="test_preferences_include_push_pipeline_complete" time="0.123" /><testcase classname="tests.test_pipeline_notifications.TestNotificationPreferences" name="test_preferences_include_push_pipeline_failed" time="0.183" /><testcase classname="tests.test_pipeline_notifications.TestNotificationPreferences" name="test_update_pipeline_complete_preference" time="0.394" /><testcase classname="tests.test_pipeline_notifications.TestNotificationPreferences" name="test_update_pipeline_failed_preference" time="0.313" /><testcase classname="tests.test_pipeline_notifications.TestNotificationPreferences" name="test_all_preference_fields_present" time="0.108" /><testcase classname="tests.test_pipeline_notifications.TestPipelineNotifications" name="test_list_notifications_filter_by_pipeline_complete" time="0.128" /><testcase classname="tests.test_pipeline_notifications.TestPipelineNotifications" name="test_list_notifications_filter_by_pipeline_failed" time="0.115" /><testcase classname="tests.test_pipeline_notifications.TestPipelineNotifications" name="test_pipeline_complete_notification_exists" time="0.112" /><testcase classname="tests.test_pipeline_notifications.TestPipelineNotifications" name="test_pipeline_notification_metadata_structure" time="0.114" /><testcase classname="tests.test_pipeline_notifications.TestPipelineNotifications" name="test_pipeline_notification_has_related_objects" time="0.124" /><testcase classname="tests.test_pipeline_notifications.TestPipelineRunNotifications" name="test_run_now_creates_notification" time="22.315" /><testcase classname="tests.test_pipeline_notifications.TestPipelineRunNotifications" name="test_can_mark_pipeline_notification_as_read" time="0.195" /><testcase classname="tests.test_pipeline_notifications.TestPipelineRunNotifications" name="test_can_delete_pipeline_notification" time="0.184" /><testcase classname="tests.test_pipeline_notifications.TestNotificationSummary" name="test_notification_summary_returns_unread_count" time="0.148" /><testcase classname="tests.test_pipeline_notifications.TestNotificationSummary" name="test_notification_summary_returns_latest_unread" time="0.119" /><testcase classname="tests.test_pipeline_notifications.TestNotificationAuth" name="test_preferences_requires_auth" time="0.160" /><testcase classname="tests.test_pipeline_notifications.TestNotificationAuth" name="test_list_notifications_requires_auth" time="0.130" /><testcase classname="tests.test_pipeline_notifications.TestNotificationAuth" name="test_summary_requires_auth" time="0.109" /></testsuite></testsuites>