<?xml version="1.0" encoding="utf-8"?><testsuites name="pytest tests"><testsuite name="pytest" errors="0" failures="0" skipped="0" tests="8" time="1.922" timestamp="2026-02-14T19:53:21.247444+00:00" hostname="agent-env-a077784b-503e-40c5-b5c8-e6de4ab7e6b0"><testcase classname="tests.test_refactoring_and_health.TestRefactoredAnalysisViews" name="test_analyze_endpoint_returns_200" time="0.711" /><testcase classname="tests.test_refactoring_and_health.TestRefactoredAnalysisViews" name="test_statistics_endpoint_returns_200" time="0.167" /><testcase classname="tests.test_refactoring_and_health.TestRefactoredAnalysisViews" name="test_columns_endpoint_returns_200" time="0.117" /><testcase classname="tests.test_refactoring_and_health.TestSystemHealthAPI" name="test_health_endpoint_returns_200" time="0.153" /><testcase classname="tests.test_refactoring_and_health.TestSystemHealthAPI" name="test_health_has_error_metrics" time="0.180" /><testcase classname="tests.test_refactoring_and_health.TestPipelineRunNow" name="test_run_now_endpoint_returns_success" time="0.264" /><testcase classname="tests.test_refactoring_and_health.TestPipelineRunNow" name="test_run_history_shows_triggered_runs" time="0.133" /><testcase classname="tests.test_refactoring_and_health.TestCeleryIntegration" name="test_celery_beat_schedule_active" time="0.138" /></testsuite></testsuites>