<?xml version="1.0" encoding="utf-8"?><testsuites name="pytest tests"><testsuite name="pytest" errors="0" failures="0" skipped="0" tests="24" time="3.926" timestamp="2026-02-14T20:21:48.847533+00:00" hostname="agent-env-a077784b-503e-40c5-b5c8-e6de4ab7e6b0"><testcase classname="tests.test_security_features.TestPasswordValidation" name="test_validate_weak_password_short" time="0.259" /><testcase classname="tests.test_security_features.TestPasswordValidation" name="test_validate_password_no_uppercase" time="0.053" /><testcase classname="tests.test_security_features.TestPasswordValidation" name="test_validate_password_no_lowercase" time="0.055" /><testcase classname="tests.test_security_features.TestPasswordValidation" name="test_validate_password_no_digit" time="0.119" /><testcase classname="tests.test_security_features.TestPasswordValidation" name="test_validate_password_no_special" time="0.061" /><testcase classname="tests.test_security_features.TestPasswordValidation" name="test_validate_strong_password" time="0.059" /><testcase classname="tests.test_security_features.TestPasswordResetRequest" name="test_reset_request_with_valid_email" time="0.860" /><testcase classname="tests.test_security_features.TestPasswordResetRequest" name="test_reset_request_with_invalid_email" time="0.127" /><testcase classname="tests.test_security_features.TestPasswordResetRequest" name="test_reset_request_without_email" time="0.051" /><testcase classname="tests.test_security_features.TestSecuritySettings" name="test_get_security_settings_authenticated" time="0.544" /><testcase classname="tests.test_security_features.TestSecuritySettings" name="test_get_security_settings_unauthenticated" time="0.057" /><testcase classname="tests.test_security_features.Test2FA" name="test_enable_2fa_unauthenticated" time="0.058" /><testcase classname="tests.test_security_features.Test2FA" name="test_disable_2fa_unauthenticated" time="0.062" /><testcase classname="tests.test_security_features.Test2FA" name="test_invalid_2fa_method" time="0.053" /><testcase classname="tests.test_security_features.TestAdminAlertSettings" name="test_get_alert_settings_admin" time="0.600" /><testcase classname="tests.test_security_features.TestAdminAlertSettings" name="test_get_alert_settings_non_admin" time="0.053" /><testcase classname="tests.test_security_features.TestAdminAlertSettings" name="test_get_alert_settings_unauthenticated" time="0.061" /><testcase classname="tests.test_security_features.TestAdminAlertSettings" name="test_update_alert_settings_admin" time="0.301" /><testcase classname="tests.test_security_features.TestAdminAlertSettings" name="test_update_alert_settings_invalid_threshold" time="0.067" /><testcase classname="tests.test_security_features.TestAdminAlertSettings" name="test_update_alert_settings_non_admin" time="0.063" /><testcase classname="tests.test_security_features.TestPasswordUpdate" name="test_update_password_unauthenticated" time="0.054" /><testcase classname="tests.test_security_features.TestPasswordUpdate" name="test_update_password_missing_fields" time="0.063" /><testcase classname="tests.test_security_features.TestSecurityAuditLog" name="test_get_audit_log_authenticated" time="0.060" /><testcase classname="tests.test_security_features.TestSecurityAuditLog" name="test_get_audit_log_unauthenticated" time="0.054" /></testsuite></testsuites>